<?xml version="1.0" encoding="UTF-8"?>
<!-- Generated by org.testng.reporters.JUnitXMLReporter -->
<testsuite ignored="0" hostname="LAPTOP-A6BMCD3L" failures="0" tests="3" name="Command line test" time="0.821" errors="0" timestamp="2025-06-11T10:14:45 IST">
  <testcase classname="tests.LoginPageTest" name="checkDashboardUrl" time="0.014"/>
  <testcase classname="tests.LoginPageTest" name="verifyPageHeading" time="0.077"/>
  <testcase classname="tests.LoginPageTest" name="verifyTitle" time="0.023"/>
</testsuite> <!-- Command line test -->
