<?xml version="1.0" encoding="UTF-8"?>
<testng-results ignored="0" total="3" passed="3" failed="0" skipped="0">
  <reporter-output>
  </reporter-output>
  <suite started-at="2025-06-11T10:14:44 IST" name="tests.LoginPageTest" finished-at="2025-06-11T10:14:45 IST" duration-ms="821">
    <groups>
    </groups>
    <test started-at="2025-06-11T10:14:44 IST" name="Command line test" finished-at="2025-06-11T10:14:45 IST" duration-ms="821">
      <class name="tests.LoginPageTest">
        <test-method is-config="true" signature="launchBrowser()[pri:0, instance:tests.LoginPageTest@2a27cb34]" started-at="2025-06-11T10:14:44 IST" name="launchBrowser" finished-at="2025-06-11T10:14:44 IST" duration-ms="8" status="PASS">
          <reporter-output>
          </reporter-output>
        </test-method> <!-- launchBrowser -->
        <test-method is-config="true" signature="browserLaunchForEachTest()[pri:0, instance:tests.LoginPageTest@2a27cb34]" started-at="2025-06-11T10:14:44 IST" name="browserLaunchForEachTest" finished-at="2025-06-11T10:14:45 IST" duration-ms="511" status="PASS">
          <reporter-output>
          </reporter-output>
        </test-method> <!-- browserLaunchForEachTest -->
        <test-method signature="checkDashboardUrl()[pri:0, instance:tests.LoginPageTest@2a27cb34]" started-at="2025-06-11T10:14:45 IST" name="checkDashboardUrl" finished-at="2025-06-11T10:14:45 IST" duration-ms="14" status="PASS">
          <reporter-output>
          </reporter-output>
        </test-method> <!-- checkDashboardUrl -->
        <test-method is-config="true" signature="browserLaunchForEachTest()[pri:0, instance:tests.LoginPageTest@2a27cb34]" started-at="2025-06-11T10:14:45 IST" name="browserLaunchForEachTest" finished-at="2025-06-11T10:14:45 IST" duration-ms="93" status="PASS">
          <reporter-output>
          </reporter-output>
        </test-method> <!-- browserLaunchForEachTest -->
        <test-method signature="verifyPageHeading()[pri:0, instance:tests.LoginPageTest@2a27cb34]" started-at="2025-06-11T10:14:45 IST" name="verifyPageHeading" finished-at="2025-06-11T10:14:45 IST" duration-ms="77" status="PASS">
          <reporter-output>
          </reporter-output>
        </test-method> <!-- verifyPageHeading -->
        <test-method is-config="true" signature="browserLaunchForEachTest()[pri:0, instance:tests.LoginPageTest@2a27cb34]" started-at="2025-06-11T10:14:45 IST" name="browserLaunchForEachTest" finished-at="2025-06-11T10:14:45 IST" duration-ms="69" status="PASS">
          <reporter-output>
          </reporter-output>
        </test-method> <!-- browserLaunchForEachTest -->
        <test-method signature="verifyTitle()[pri:0, instance:tests.LoginPageTest@2a27cb34]" started-at="2025-06-11T10:14:45 IST" name="verifyTitle" finished-at="2025-06-11T10:14:45 IST" duration-ms="23" status="PASS">
          <reporter-output>
          </reporter-output>
        </test-method> <!-- verifyTitle -->
        <test-method is-config="true" signature="closeBrowser()[pri:0, instance:tests.LoginPageTest@2a27cb34]" started-at="2025-06-11T10:14:45 IST" name="closeBrowser" finished-at="2025-06-11T10:14:45 IST" duration-ms="435" status="PASS">
          <reporter-output>
          </reporter-output>
        </test-method> <!-- closeBrowser -->
      </class> <!-- tests.LoginPageTest -->
    </test> <!-- Command line test -->
  </suite> <!-- tests.LoginPageTest -->
</testng-results>
