<?xml version="1.0" encoding="UTF-8"?>
<!-- Generated by org.testng.reporters.JUnitXMLReporter -->
<testsuite ignored="0" hostname="LAPTOP-A6BMCD3L" failures="0" tests="3" name="Chrome Test" time="8.596" errors="0" timestamp="2025-06-11T23:40:28 IST">
  <testcase classname="tests.LoginPageTest" name="checkDashboardUrl" time="0.034"/>
  <testcase classname="tests.LoginPageTest" name="verifyPageHeading" time="0.13"/>
  <testcase classname="tests.LoginPageTest" name="verifyTitle" time="0.034"/>
</testsuite> <!-- Chrome Test -->
